<?xml version="1.0" encoding="UTF-8"?>
<testng-results ignored="0" total="1" passed="1" failed="0" skipped="0">
  <reporter-output>
  </reporter-output>
  <suite started-at="2024-12-15T22:58:52 IST" name="Default suite" finished-at="2024-12-15T22:59:16 IST" duration-ms="24367">
    <groups>
    </groups>
    <test started-at="2024-12-15T22:58:52 IST" name="Default test" finished-at="2024-12-15T22:59:16 IST" duration-ms="24367">
      <class name="com.Flipkart.TestLayer.TableHandling">
        <test-method is-config="true" signature="setup()[pri:0, instance:com.Flipkart.TestLayer.TableHandling@3023df74]" started-at="2024-12-15T22:58:52 IST" name="setup" finished-at="2024-12-15T22:58:52 IST" duration-ms="141" status="PASS">
          <reporter-output>
          </reporter-output>
        </test-method> <!-- setup -->
        <test-method is-config="true" signature="start()[pri:0, instance:com.Flipkart.TestLayer.TableHandling@3023df74]" started-at="2024-12-15T22:58:52 IST" name="start" finished-at="2024-12-15T22:58:58 IST" duration-ms="5317" status="PASS">
          <reporter-output>
          </reporter-output>
        </test-method> <!-- start -->
        <test-method signature="validatetextbox()[pri:0, instance:com.Flipkart.TestLayer.TableHandling@3023df74]" started-at="2024-12-15T22:58:58 IST" name="validatetextbox" finished-at="2024-12-15T22:59:16 IST" duration-ms="18826" status="PASS">
          <reporter-output>
          </reporter-output>
        </test-method> <!-- validatetextbox -->
        <test-method is-config="true" signature="end()[pri:0, instance:com.Flipkart.TestLayer.TableHandling@3023df74]" started-at="2024-12-15T22:59:16 IST" name="end" finished-at="2024-12-15T22:59:16 IST" duration-ms="8" status="PASS">
          <reporter-output>
          </reporter-output>
        </test-method> <!-- end -->
        <test-method is-config="true" signature="stop()[pri:0, instance:com.Flipkart.TestLayer.TableHandling@3023df74]" started-at="2024-12-15T22:59:16 IST" name="stop" finished-at="2024-12-15T22:59:16 IST" duration-ms="2" status="PASS">
          <reporter-output>
          </reporter-output>
        </test-method> <!-- stop -->
      </class> <!-- com.Flipkart.TestLayer.TableHandling -->
    </test> <!-- Default test -->
  </suite> <!-- Default suite -->
</testng-results>
